<?xml version="1.0" encoding="UTF-8"?>
<!-- Generated by org.testng.reporters.JUnitReportReporter -->
<testsuite hostname="Sevvelkarans-MacBook-Air.local" failures="0" tests="4" name="Tests.LoginTest" time="71.725" errors="0" timestamp="2025-04-09T09:19:52 IST" skipped="0">
  <testcase classname="Tests.LoginTest" name="Ltest" time="19.912"/>
  <testcase classname="Tests.LoginTest" name="Invalid" time="21.403"/>
  <testcase classname="Tests.LoginTest" name="empty" time="13.241"/>
  <testcase classname="Tests.LoginTest" name="ForgotPass" time="17.169"/>
</testsuite> <!-- Tests.LoginTest -->
